<?xml version="1.0" encoding="UTF-8"?>
<testsuite name="com.shoop.test.cucumber.Runner" time="0.012" tests="28" errors="0" skipped="0" failures="0">
  <properties>
    <property name="java.runtime.name" value="Java(TM) SE Runtime Environment"/>
    <property name="cucumber.options" value=" --tags @smoke-test"/>
    <property name="sun.boot.library.path" value="C:\Program Files\Java\jdk1.8.0_74\jre\bin"/>
    <property name="java.vm.version" value="25.74-b02"/>
    <property name="java.vm.vendor" value="Oracle Corporation"/>
    <property name="maven.multiModuleProjectDirectory" value="C:\Users\sewadeus\Desktop\sewadeus\QA-Tests"/>
    <property name="java.vendor.url" value="http://java.oracle.com/"/>
    <property name="path.separator" value=";"/>
    <property name="guice.disable.misplaced.annotation.check" value="true"/>
    <property name="java.vm.name" value="Java HotSpot(TM) 64-Bit Server VM"/>
    <property name="file.encoding.pkg" value="sun.io"/>
    <property name="user.script" value=""/>
    <property name="user.country" value="GB"/>
    <property name="sun.java.launcher" value="SUN_STANDARD"/>
    <property name="sun.os.patch.level" value=""/>
    <property name="java.vm.specification.name" value="Java Virtual Machine Specification"/>
    <property name="user.dir" value="C:\Users\sewadeus\Desktop\sewadeus\QA-Tests"/>
    <property name="java.runtime.version" value="1.8.0_74-b02"/>
    <property name="java.awt.graphicsenv" value="sun.awt.Win32GraphicsEnvironment"/>
    <property name="java.endorsed.dirs" value="C:\Program Files\Java\jdk1.8.0_74\jre\lib\endorsed"/>
    <property name="os.arch" value="amd64"/>
    <property name="java.io.tmpdir" value="C:\Users\sewadeus\AppData\Local\Temp\"/>
    <property name="line.separator" value="&#10;"/>
    <property name="java.vm.specification.vendor" value="Oracle Corporation"/>
    <property name="user.variant" value=""/>
    <property name="os.name" value="Windows 10"/>
    <property name="classworlds.conf" value="C:\Maven\apache-maven-3.3.1\bin\m2.conf"/>
    <property name="sun.jnu.encoding" value="Cp1252"/>
    <property name="java.library.path" value="C:\Program Files\Java\jdk1.8.0_74\bin;C:\WINDOWS\Sun\Java\bin;C:\WINDOWS\system32;C:\WINDOWS;C:\ProgramData\Oracle\Java\javapath;C:\Maven\apache-maven-3.3.1\bin;C:\Ant\apache-ant-1.9.4\bin;C:\Program Files (x86)\Windows Live\Installer;C:\Program Files\Android\Android Studio\bin;C:\Program Files\nodejs\;C:\WINDOWS\system32;C:\WINDOWS;C:\WINDOWS\System32\Wbem;C:\WINDOWS\System32\WindowsPowerShell\v1.0\;C:\Program Files\Java\jdk1.8.0_66;C:\Program Files (x86)\Skype\Phone\;C:\Program Files\Git\cmd;C:\Gradle\gradle-2.10\bin;C:\groovy\groovy-2.4.5\bin;C:\ProgramData\chocolatey\bin;C:\Program Files\Java\jdk1.8.0_74\bin;C:\Jmeter\apache-jmeter-2.13\bin;C:\Program Files (x86)\PuTTY\;;C:\Users\sewadeus\AppData\Roaming\npm;C:\Program Files\Docker Toolbox;C:\Users\sewadeus\.babun;."/>
    <property name="java.specification.name" value="Java Platform API Specification"/>
    <property name="java.class.version" value="52.0"/>
    <property name="sun.management.compiler" value="HotSpot 64-Bit Tiered Compilers"/>
    <property name="os.version" value="10.0"/>
    <property name="user.home" value="C:\Users\sewadeus"/>
    <property name="user.timezone" value="Europe/London"/>
    <property name="java.awt.printerjob" value="sun.awt.windows.WPrinterJob"/>
    <property name="java.specification.version" value="1.8"/>
    <property name="file.encoding" value="Cp1252"/>
    <property name="user.name" value="sewadeus"/>
    <property name="java.class.path" value="C:\Maven\apache-maven-3.3.1\boot\plexus-classworlds-2.5.2.jar"/>
    <property name="java.vm.specification.version" value="1.8"/>
    <property name="sun.arch.data.model" value="64"/>
    <property name="java.home" value="C:\Program Files\Java\jdk1.8.0_74\jre"/>
    <property name="sun.java.command" value="org.codehaus.plexus.classworlds.launcher.Launcher clean verify -Dcucumber.options= --tags @smoke-test"/>
    <property name="java.specification.vendor" value="Oracle Corporation"/>
    <property name="user.language" value="en"/>
    <property name="awt.toolkit" value="sun.awt.windows.WToolkit"/>
    <property name="java.vm.info" value="mixed mode"/>
    <property name="java.version" value="1.8.0_74"/>
    <property name="java.ext.dirs" value="C:\Program Files\Java\jdk1.8.0_74\jre\lib\ext;C:\WINDOWS\Sun\Java\lib\ext"/>
    <property name="sun.boot.class.path" value="C:\Program Files\Java\jdk1.8.0_74\jre\lib\resources.jar;C:\Program Files\Java\jdk1.8.0_74\jre\lib\rt.jar;C:\Program Files\Java\jdk1.8.0_74\jre\lib\sunrsasign.jar;C:\Program Files\Java\jdk1.8.0_74\jre\lib\jsse.jar;C:\Program Files\Java\jdk1.8.0_74\jre\lib\jce.jar;C:\Program Files\Java\jdk1.8.0_74\jre\lib\charsets.jar;C:\Program Files\Java\jdk1.8.0_74\jre\lib\jfr.jar;C:\Program Files\Java\jdk1.8.0_74\jre\classes"/>
    <property name="sun.stderr.encoding" value="cp850"/>
    <property name="java.vendor" value="Oracle Corporation"/>
    <property name="maven.home" value="C:\Maven\apache-maven-3.3.1"/>
    <property name="file.separator" value="\"/>
    <property name="java.vendor.url.bug" value="http://bugreport.sun.com/bugreport/"/>
    <property name="sun.cpu.endian" value="little"/>
    <property name="sun.io.unicode.encoding" value="UnicodeLittle"/>
    <property name="sun.stdout.encoding" value="cp850"/>
    <property name="sun.desktop" value="windows"/>
    <property name="sun.cpu.isalist" value="amd64"/>
  </properties>
  <testcase name="Given I go to shoop home page&quot;" classname="| My Jolie candle |" time="0.005"/>
  <testcase name="When I enter merchant name as &quot;My Jolie candle&quot;into search" classname="| My Jolie candle |" time="0"/>
  <testcase name="Then I should see name of &quot;My Jolie candle&quot; and own  best rates displayed" classname="| My Jolie candle |" time="0"/>
  <testcase name="| My Jolie candle |" classname="| My Jolie candle |" time="0"/>
  <testcase name="Given I go to shoop home page&quot;" classname="| shopty |" time="0"/>
  <testcase name="When I enter merchant name as &quot;shopty&quot;into search" classname="| shopty |" time="0"/>
  <testcase name="Then I should see name of &quot;shopty&quot; and own  best rates displayed" classname="| shopty |" time="0"/>
  <testcase name="| shopty |" classname="| shopty |" time="0.002"/>
  <testcase name="Given I go to shoop home page&quot;" classname="| Access Moto |" time="0"/>
  <testcase name="When I enter merchant name as &quot;Access Moto&quot;into search" classname="| Access Moto |" time="0"/>
  <testcase name="Then I should see name of &quot;Access Moto&quot; and own  best rates displayed" classname="| Access Moto |" time="0"/>
  <testcase name="| Access Moto |" classname="| Access Moto |" time="0.001"/>
  <testcase name="Given I go to shoop home page&quot;" classname="| M&amp;MS |" time="0"/>
  <testcase name="When I enter merchant name as &quot;M&amp;MS&quot;into search" classname="| M&amp;MS |" time="0"/>
  <testcase name="Then I should see name of &quot;M&amp;MS&quot; and own  best rates displayed" classname="| M&amp;MS |" time="0"/>
  <testcase name="| M&amp;MS |" classname="| M&amp;MS |" time="0.001"/>
  <testcase name="Given I go to shoop home page&quot;" classname="| SOSwit |" time="0"/>
  <testcase name="When I enter merchant name as &quot;SOSwit&quot;into search" classname="| SOSwit |" time="0"/>
  <testcase name="Then I should see name of &quot;SOSwit&quot; and own  best rates displayed" classname="| SOSwit |" time="0"/>
  <testcase name="| SOSwit |" classname="| SOSwit |" time="0"/>
  <testcase name="Given I go to shoop home page&quot;" classname="| GiFi |" time="0"/>
  <testcase name="When I enter merchant name as &quot;GiFi&quot;into search" classname="| GiFi |" time="0"/>
  <testcase name="Then I should see name of &quot;GiFi&quot; and own  best rates displayed" classname="| GiFi |" time="0"/>
  <testcase name="| GiFi |" classname="| GiFi |" time="0.002"/>
  <testcase name="Given I go to shoop home page&quot;" classname="| AsdeCarreaux |" time="0"/>
  <testcase name="When I enter merchant name as &quot;AsdeCarreaux&quot;into search" classname="| AsdeCarreaux |" time="0"/>
  <testcase name="Then I should see name of &quot;AsdeCarreaux&quot; and own  best rates displayed" classname="| AsdeCarreaux |" time="0"/>
  <testcase name="| AsdeCarreaux |" classname="| AsdeCarreaux |" time="0.001"/>
</testsuite>