<?xml version="1.0" encoding="UTF-8"?>
<!-- Generated by org.testng.reporters.JUnitReportReporter -->
<testsuite hostname="Thadeus" name="com.masteringselenium.BasicTestWD" tests="2" failures="0" timestamp="16 Jun 2016 03:54:19 GMT" time="60.198" errors="0">
  <testcase name="googleCheeseExample" time="54.112" classname="com.masteringselenium.BasicTestWD"/>
  <testcase name="googleMilkExample" time="6.086" classname="com.masteringselenium.BasicTestWD"/>
</testsuite> <!-- com.masteringselenium.BasicTestWD -->
